[debug] [2022-06-25T08:47:30.797Z] ----------------------------------------------------------------------
[debug] [2022-06-25T08:47:30.800Z] Command:       C:\Program Files\nodejs\node.exe C:\Users\hp\AppData\Roaming\npm\node_modules\firebase-tools\lib\bin\firebase.js init
[debug] [2022-06-25T08:47:30.800Z] CLI Version:   10.2.1
[debug] [2022-06-25T08:47:30.800Z] Platform:      win32
[debug] [2022-06-25T08:47:30.800Z] Node Version:  v16.11.1
[debug] [2022-06-25T08:47:30.808Z] Time:          Sat Jun 25 2022 14:17:30 GMT+0530 (India Standard Time)
[debug] [2022-06-25T08:47:30.808Z] ----------------------------------------------------------------------
[debug] 
[debug] [2022-06-25T08:47:30.821Z] > command requires scopes: ["email","openid","https://www.googleapis.com/auth/cloudplatformprojects.readonly","https://www.googleapis.com/auth/firebase","https://www.googleapis.com/auth/cloud-platform"]
[debug] [2022-06-25T08:47:30.821Z] > authorizing via signed-in user (16pa1a04f9@vishnu.edu.in)
[info] 
     ######## #### ########  ######## ########     ###     ######  ########
     ##        ##  ##     ## ##       ##     ##  ##   ##  ##       ##
     ######    ##  ########  ######   ########  #########  ######  ######
     ##        ##  ##    ##  ##       ##     ## ##     ##       ## ##
     ##       #### ##     ## ######## ########  ##     ##  ######  ########

You're about to initialize a Firebase project in this directory:

  C:\Users\hp\Desktop\React\Features\comments-section

[info] 
=== Project Setup
[info] 
[info] First, let's associate this project directory with a Firebase project.
[info] You can create multiple project aliases by running firebase use --add, 
[info] but for now we'll just set up a default project.
[info] 
